Referee David Fruin does not exist.
Joe Cervone already referred by alex@commonologygame.com not changing it to alexandrafruin@gmail.com
Referee Laurie Judge does not exist.
Matt Fuhrman already referred by alex@commonologygame.com not changing it to alexandrafruin@gmail.com
Referee Natalie de Varona does not exist.
Referee Patty M does not exist.
Shelby Allen already referred by alex@commonologygame.com not changing it to alexandrafruin@gmail.com
Referee Sophia Amberson does not exist.
Cannot resolve  Akash Jassal
dbierman13@gmail.com already referred by alex.stahl@gmail.com not changing it to alex.stahl@gmail.com
Cannot resolve  Alex Baker
Referee paigeweiners@gmail.com does not exist.
Referee gmaplanner@gmail.com does not exist.
carlos.schwaiger@airbnb.com already referred by joey.notowich@gmail.com not changing it to amy.smith@airbnb.com
dillyn.klemchuk@gmail.com already referred by anhuynh14@gmail.com not changing it to anhuynh14@gmail.com
Referee eaarons33@gmail.com does not exist.
Cannot resolve  Anthony Pampalone
marisalynn1027@gmail.com already referred by ariel.warren@gmail.com not changing it to ariel.warren@gmail.com
Referee willacosinuke@gmail.com does not exist.
Referee emha2017@mymail.pomona.edu does not exist.
Referee jenniferkrier@sevenstonesleadership.com does not exist.
renee@koplon.com already referred by avis4k@gmail.com not changing it to avis4k@gmail.com
Cannot resolve  Becky Steedley
Referee kathleenbarth16@gmail.com does not exist.
Cannot resolve  Betty Colandro
Cannot resolve  Bonnye Frost Donatelli
Cannot resolve  Brandi Bonner
Referee ncondon@adventisthealthcare.com does not exist.
maurcecil@gmail.com already referred by bob.cecil@hotmail.com not changing it to bob.cecil@hotmail.com
aliciamschlau@gmail.com already referred by carly.m.buchman@gmail.com not changing it to carly.m.buchman@ey.com
blairjmann@gmail.com already referred by cschildhaus@gmail.com not changing it to cschildhaus@gmail.com
Cannot resolve  Carly Pauline
Referee piazzaplace@aol.com does not exist.
Referee jd8794@gmail.com does not exist.
izahn@fandm.edu already referred by chase.thompson@umww.com not changing it to chellebridges@clovisusd.k12.ca.us
Cannot resolve  Christina Ellen
puffy0113@aol.com already referred by christina.forgetta@gmail.com not changing it to christina.forgetta@gmail.com
Referee strublematthias@gmail.com does not exist.
Referee stevefusco23@gmail.com does not exist.
Cannot resolve  Courtney Todd
Cannot resolve  Dale Byram
Referee aereimann@gmail.com does not exist.
Cannot resolve  David tattersall
kathyv88@gmail.com already referred by david@avadel.agency not changing it to david@rethinkcreative.org
Referee haavelor@gmail.com does not exist.
ddancer4444@att.net already referred by bjelon69@yahoo.com not changing it to ddancer4444@att.net
Cannot resolve  Ellen Falci
heather.marie.dickerson@gmail.com already referred by buelowek1225@gmail.com not changing it to ellen.loeshelle@gmail.com
maryan1151@gmail.com already referred by emilycblake@gmail.com not changing it to emilycblake@gmail.com
Referee Brian Lee does not exist.
colinrcastro@gmail.com already referred by alexjoelwilke@gmail.com not changing it to emilywmaitland@gmail.com
jbongiovanniwisniewski@gmail.com already referred by alex@commonologygame.com not changing it to em.anghel@gmail.com
caroline.tutak@gmail.com already referred by alex@commonologygame.com not changing it to em.anghel@gmail.com
colxburke@gmail.com already referred by esschenck@gmail.com not changing it to esschenck@gmail.com
Referee mkearney0822@gmail.com does not exist.
Cannot resolve  Frantz Alexis
ckomyati@gmail.com already referred by ilana.kerner@gmail.com not changing it to ilana.kerner@gmail.com
alexjoelwilke@gmail.com already referred by ilana.kerner@gmail.com not changing it to ilana.kerner@gmail.com
Cannot resolve  Isabel
Referee abbygatch@umm.edu does not exist.
Referee Tania Rodrigueztania422@gmail.com does not exist.
craigvl@msn.com already referred by entwishy@gmail.com not changing it to entwishy@gmail.com
Referee chuckvanwhat21@gmail.com does not exist.
emilymullin298@gmail.com already referred by acgregory7@gmail.com not changing it to mashgh44@gmail.com
Referee alesaguirre7@gmail.com does not exist.
virginiabianco@aol.com already referred by jackie.anker1@gmail.com not changing it to jgerham@yahoo.com
Referee james.jd.park@gmail.com does not exist.
kswilson16@gmail.com already referred by hbaker709@gmail.com not changing it to harry.baker@dayblink.com
ckaalexander@hotmail.com already referred by jkatz924@gmail.com not changing it to jkatz924@gmail.com
ota.emily@gmail.com already referred by jhutt91@gmail.com not changing it to jhutt91@gmail.com
gouldljane@gmail.com already referred by jhutt91@gmail.com not changing it to jhutt91@gmail.com
sarahmaibach@gmail.com already referred by jhutt91@gmail.com not changing it to jhutt91@gmail.com
mollynovello@gmail.com already referred by jhutt91@gmail.com not changing it to jhutt91@gmail.com
afanshaw96@yahoo.com already referred by jrl6595@gmail.com not changing it to jrl6595@gmail.com
fleis104@gmail.com already referred by jschwab91@gmail.com not changing it to jschwab91@gmail.com
hhmattingly@gmail.com already referred by jschwab91@gmail.com not changing it to jschwab91@gmail.com
pschwab57@gmail.com already referred by jschwab91@gmail.com not changing it to jschwab91@gmail.com
gkane26@gmail.com already referred by jschwab91@gmail.com not changing it to jschwab91@gmail.com
sgold89@gmail.com already referred by jschwab91@gmail.com not changing it to jschwab91@gmail.com
amboldin@gmail.com already referred by jschwab91@gmail.com not changing it to jschwab91@gmail.com
mcshea.molly@gmail.com already referred by jschwab91@gmail.com not changing it to jschwab91@gmail.com
sherric11@aol.com already referred by jillian.l.chavis@gmail.com not changing it to jillian.l.chavis@gmail.com
annette.tice@ey.com already referred by jillian.l.chavis@gmail.com not changing it to jillian.l.chavis@gmail.com
Leahhamm@gmail.com already referred by gigi.nestor@gmail.com not changing it to jenestor@umich.edu
schnooze@hotmail.com already referred by bmcondon@hotmail.com not changing it to joe@930.com
smlynch13@gmail.com already referred by jcschambach@gmail.com not changing it to jcschambach@gmail.com
amy.smith@airbnb.com already referred by joey.notowich@gmail.com not changing it to joey.notowich@gmail.com
Christina.Matthew@airbnb.com already referred by joey.notowich@gmail.com not changing it to joey.notowich@gmail.com
spencer.stefanson@airbnb.com already referred by joey.notowich@gmail.com not changing it to joey.notowich@gmail.com
Referee MichaelLavarThomas@gmail.com does not exist.
Referee tchadbruce1014@gmail.com does not exist.
Referee awhite1425@gmail.com does not exist.
Referee smmull20@g.holycross.edu does not exist.
tdevlin701@gmail.com already referred by kari.carpenter2@gmail.com not changing it to katdevlin26@gmail.com
edenmutch@comcast.net already referred by kmutchnik@gmail.com not changing it to kmutchnik@gmail.com
mom23ags@gmail.com already referred by kaitlyngnewman@gmail.com not changing it to kaitlyngnewman@gmail.com
Cannot resolve  Keith McClary
booney99@gmail.com already referred by booned2011@gmail.com not changing it to kboone@shareholderrep.com
Referee amarchese@srsacquiom.com does not exist.
Referee josgross24@gmail.com does not exist.
MICHELLE.GOLDSTEIN@GMAIL.COM already referred by kfischbach@mwe.com not changing it to kfischbach@mwe.com
Cannot resolve  Kelsey Girffin
mtpadgett@gmail.com already referred by cailinmpadgett@gmail.com not changing it to kelsey.kottkamp@gmail.com
paskijes@gmail.com already referred by kfischbach@mwe.com not changing it to kelsey.kottkamp@gmail.com
Cannot resolve  Kemal Abdel-Hurr
Cannot resolve  Kenny Griemsmann
marnetta24@gmail.com already referred by chthomp58@gmail.com not changing it to ckaalexander@hotmail.com
chrismdonovan@gmail.com already referred by kmcampilo@gmail.com not changing it to landerskr12@yahoo.com
Cannot resolve  Kristen Lavallee
carolinewolf1@gmail.com already referred by lfurney.howe@gmail.com not changing it to lfurney.howe@gmail.com
katie.grass@gmail.com already referred by lfurney.howe@gmail.com not changing it to lfurney.howe@gmail.com
Referee Jon Arnold does not exist.
rhenry1012@gmail.com already referred by robertoahenry@gmail.com not changing it to laurie.holmes@vincentbaltimore.org
Referee edoardo cerpelloni does not exist.
sirolivercadbury@gmail.com already referred by d.holmes155@gmail.com not changing it to leighann.chaffee@gmail.com
Referee ann.nemitz@gmail.com does not exist.
lindsay222@mindspring.com already referred by ms@koplon.com not changing it to lindsay222@mindspring.com
Referee idlewild18@gmail.com does not exist.
fear.the.zomb@gmail.com already referred by lindsaybungard@gmail.com not changing it to lindsaybungard@gmail.com
Cannot resolve  Lucy Hernandez
Referee arielledsouza@gmail.com does not exist.
Referee aryabhai204@gmail.com does not exist.
mjdobbs94@gmail.com already referred by maddyfraysse@gmail.com not changing it to maddyfraysse@gmail.com
earthworms@gmx.com already referred by ms@koplon.com not changing it to ms@quizitive.com
karensimon@gmail.com already referred by ms@koplon.com not changing it to ms@quizitive.com
joshualouissimon@gmail.com already referred by ms@koplon.com not changing it to ms@quizitive.com
lindsay222@mindspring.com already referred by ms@koplon.com not changing it to ms@quizitive.com
joshualouissimon@gmail.com already referred by ms@koplon.com not changing it to ms@quizitive.com
weissneil@gmail.com already referred by ms@koplon.com not changing it to ms@quizitive.com
rebeccasnussbaum@gmail.com already referred by ms@koplon.com not changing it to ms@quizitive.com
weissneil@gmail.com already referred by ms@koplon.com not changing it to ms@quizitive.com
Referee willie@wdevries.com does not exist.
Referee Hagar Hauser does not exist.
maddieantalis@gmail.com already referred by alexandrafruin@gmail.com not changing it to mary.fruin@uic.edu
Referee annabelle6862@gmail.com does not exist.
Cannot resolve  Marty Weissmush
Referee Kunzey does not exist.
Referee Eric Hall does not exist.
paula.chamas@gmail.com already referred by max.storto@gmail.com not changing it to max.storto@gmail.com
Referee 104715@psdschools.org does not exist.
dani@danileighphotography.com already referred by melanie.gnatt@gmail.com not changing it to melanie.gnatt@gmail.com
dtdobney@hotmail.com already referred by mellymelalvares@gmail.com not changing it to mellymelalvares@gmail.com
Referee caitlin.a.daniels@gmail.com does not exist.
Irena Steiner already referred by seaton.melissa@gmail.com not changing it to seaton.melissa@gmail.com
Referee Caitlin Ceryes does not exist.
cathyhellokitty@gmail.com already referred by goldblumcello@gmail.com not changing it to goldblumcello@gmail.com
Referee Connie Mottola does not exist.
Cannot resolve  Michael Goldman
ajgrond@gmail.com already referred by matthewweiss921@gmail.com not changing it to michaelweiss0505@gmail.com
dunndw2@vcu.edu already referred by michelle.lechuga4@gmail.com not changing it to michelle.lechuga4@gmail.com
Referee Emily Aldana does not exist.
jgwerner16@gmail.com already referred by miriamleesinger@gmail.com not changing it to miriamleesinger@gmail.com
nicolassirea@gmail.com already referred by kmcampilo@gmail.com not changing it to mollyball14@gmail.com
Referee kjleary5@gmail.com does not exist.
Cannot resolve  Monica Shores
hbaker709@gmail.com already referred by marymonagle11@gmail.com not changing it to mmenick@villanova.edu
Cannot resolve  Nancy Clark
2dskeen@gmail.com already referred by glader87@aol.com not changing it to nate@nskeen.com
andrew.litts@gmail.com already referred by nehajpancholi@gmail.com not changing it to nehajpancholi@gmail.com
Referee incogniton8@gmail.com does not exist.
bkiernan21@gmail.com already referred by nick.coleman97@gmail.com not changing it to nick.coleman97@gmail.com
mellymelalvares@gmail.com already referred by mellymelalvares@gmail.com not changing it to nickfruin@aol.com
jmaioran@gmail.com already referred by marsha.alvares@live.com not changing it to nickfruin@aol.com
jmaioran@gmail.com already referred by marsha.alvares@live.com not changing it to nickfruin@aol.com
jmaioran@gmail.com already referred by marsha.alvares@live.com not changing it to nickfruin@aol.com
Referee emily.h.drummond@gmail.com does not exist.
jason.carlos@nationals.com already referred by frazierdaniel95@gmail.com not changing it to nicolecgoldstein@gmail.com
Referee byte@thebananaland.com does not exist.
Referee alexratch@hotmail.com does not exist.
Referee RPJ does not exist.
contini.brian@gmail.com already referred by norty5@gmail.com not changing it to norty5@gmail.com
terrynorton184@yahoo.com already referred by norty5@gmail.com not changing it to norty5@gmail.com
Referee ryann.blacka@gmail.com does not exist.
Referee jlra2017@mymail.pomona.edu does not exist.
Referee Abby Roll does not exist.
Cannot resolve  Paula
norty5@gmail.com already referred by illigrachel@gmail.com not changing it to illigrachel@gmail.com
tonpatgo@wcoil.com already referred by norty5@gmail.com not changing it to illigrachel@gmail.com
Cannot resolve  Rachel Lima
Cannot resolve  Rachel Norton
joshualouissimon@gmail.com already referred by ms@koplon.com not changing it to renee@koplon.com
ariel.warren@gmail.com already referred by renee@koplon.com not changing it to renee@koplon.com
amie.lucius@icloud.com already referred by renees14@verizon.net not changing it to renees14@verizon.net
Referee robertbleisteinjr@gmail.com does not exist.
caschirm@optonline.net already referred by schirm1124@yahoo.com not changing it to rossdthompson36@gmail.com
Referee Bobby bleistein  does not exist.
Referee dbertolini777@gmail.com does not exist.
Referee aric.linkins@gmail.com does not exist.
mom23ags@gmail.com already referred by kaitlyngnewman@gmail.com not changing it to rpnewman@gmail.com
jamik528@yahoo.com already referred by rplotkin31@gmail.com not changing it to rplotkin31@gmail.com
rachellinlitvin@gmail.com already referred by rplotkin31@gmail.com not changing it to rplotkin31@gmail.com
Referee bassler11@verizon.net does not exist.
campbell.p.mccarthy@gmail.com already referred by joe@930.com not changing it to samhurwitz@aol.com
randall.levinson@gmail.com already referred by levinson.sr@gmail.com not changing it to levinson.sr@gmail.com
Referee daveconnors@gmail.com does not exist.
ms@quizitive.com already referred by avis4k@gmail.com not changing it to samantha.notowich@gmail.com
gila@koplon.com already referred by avis4k@gmail.com not changing it to samantha.notowich@gmail.com
renee@koplon.com already referred by avis4k@gmail.com not changing it to samantha.notowich@gmail.com
Cannot resolve  Samantha vauldellon
evstann@gmail.com already referred by smhalterman@gmail.com not changing it to smhalterman@gmail.com
Referee jmay@regionalmgmt.com does not exist.
Referee Nicholas Tuchler does not exist.
albieschubes@gmail.com already referred by jschubert23@gmail.com not changing it to sbest@rambus.com
dwcarson@hotmail.com already referred by kitrenze@gmail.com not changing it to sbest@rambus.com
kggunn@verizon.net already referred by jackie.anker1@gmail.com not changing it to sgerham@yahoo.com
jbianco@rosenblumbianco.com already referred by jgerham@yahoo.com not changing it to sgerham@yahoo.com
jeffr75@aol.com already referred by dscottgreiner@gmail.com not changing it to dscottgreiner@gmail.com
kggunn@verizon.net already referred by jackie.anker1@gmail.com not changing it to dscottgreiner@gmail.com
cgerham@villanova.edu already referred by sgerham@yahoo.com not changing it to dscottgreiner@gmail.com
Cannot resolve  Scott Lowenstein
Referee pcooper@cooperhotels.com does not exist.
joshnumbilin@gmail.com already referred by jake.perl.41@gmail.com not changing it to sfagan1990@gmail.com
cnbower@yahoo.com already referred by smconnors2807@gmail.com not changing it to smconnors2807@gmail.com
jenniferamauser@gmail.com already referred by smconnors2807@gmail.com not changing it to smconnors2807@gmail.com
rschuman2@gmail.com already referred by smconnors2807@gmail.com not changing it to smconnors2807@gmail.com
williams.ross.g@gmail.com already referred by shelbyt.allen@gmail.com not changing it to shelbyt.allen@gmail.com
Referee Jill Lazarow does not exist.
samantha.notowich@gmail.com already referred by alex@commonologygame.com not changing it to shelbyt.allen@gmail.com
torimpaulson@gmail.com already referred by shelbyt.allen@gmail.com not changing it to shelbyt.allen@gmail.com
Referee Jason Schwartz does not exist.
Cannot resolve  Sierra
Referee mguyonneau@gmail.com does not exist.
mbeaudr1@jhmi.edu already referred by bluesutf201@gnail.com not changing it to bluesutf201@gnail.com
nina@rovner.net already referred by tamarserman@gmail.com not changing it to tamarserman@gmail.com
Adir@rovner.net already referred by tamarserman@gmail.com not changing it to tamarserman@gmail.com
Referee Shari Moore does not exist.
em.anghel@gmail.com already referred by ted@quizitive.com not changing it to ted@quizitive.com
Referee Dani Moore does not exist.
moore.douglas.j@gmail.com already referred by em.anghel@gmail.com not changing it to ted@quizitive.com
derek597@gmail.com already referred by em.anghel@gmail.com not changing it to ted@quizitive.com
sellenkc@gmail.com already referred by etclements826@aol.com not changing it to etclements826@aol.com
alannaclements1816@gmail.com already referred by etclements826@aol.com not changing it to etclements826@aol.com
awvolk@yahoo.com already referred by etclements826@aol.com not changing it to terryvolk0207@google.com
Referee Nozambique does not exist.
Cannot resolve  Tim Hall
Referee brian.raleigh2@gmail.com does not exist.
caseys.travels@gmail.com already referred by treygreiser@gmail.com not changing it to treygreiser@gmail.com
pgyoung4242@hotmail.com already referred by tristansyates@gmail.com not changing it to tristansyates@gmail.com
brynnesherman@gmail.com already referred by tristansyates@gmail.com not changing it to tristansyates@gmail.com
kyle.ranck@yahoo.com already referred by tcstanley90@gmail.com not changing it to tcstanley90@gmail.com
rappcourtney@gmail.com already referred by tcstanley90@gmail.com not changing it to tcstanley90@gmail.com
gjm1991@yahoo.com already referred by tcstanley90@gmail.com not changing it to tcstanley90@gmail.com
Cannot resolve  Yael
Cannot resolve  Wendi Frommelt
nick.coleman97@gmail.com already referred by wrmink@comcast.net not changing it to wrmink@comcast.net
tcstanley90@gmail.com already referred by wrmink@comcast.net not changing it to wrmink@comcast.net
edhopkins005@gmail.com already referred by wrmink@comcast.net not changing it to wrmink@comcast.net
Cannot resolve  Will Scott
Cameron Tryon already referred by hrvanwhy@gmail.com not changing it to willvanwhy@gmail.com
kellyfryeinspections@gmail.com already referred by smith14vmi@gmail.com not changing it to smith14vmi@gmail.com
rileyyang321@gmail.com already referred by smith14vmi@gmail.com not changing it to smith14vmi@gmail.com
Referee gcollins22@cmc.edu does not exist.
Referee dustinlind99@gmail.com does not exist.
